<?xml version="1.0" encoding="UTF-8"?>
<!-- Generated by org.testng.reporters.JUnitReportReporter -->
<testsuite skipped="0" hostname="DESKTOP-SDN2L55" name="testCases.LoginPageTest" tests="2" failures="0" timestamp="15 Feb 2021 04:40:08 GMT" time="25.298" errors="0">
  <testcase name="loginTest" time="13.149" classname="testCases.LoginPageTest"/>
  <testcase name="loginpageTitleTest" time="12.149" classname="testCases.LoginPageTest"/>
</testsuite> <!-- testCases.LoginPageTest -->
