<?xml version="1.0" encoding="UTF-8"?>
<!-- Generated by org.testng.reporters.JUnitReportReporter -->
<testsuite skipped="0" hostname="DESKTOP-SDN2L55" name="testCases.LoginPageTest" tests="2" failures="0" timestamp="14 Feb 2021 16:52:33 GMT" time="19.094" errors="0">
  <testcase name="loginTestPage" time="8.948" classname="testCases.LoginPageTest"/>
  <testcase name="loginTest" time="10.146" classname="testCases.LoginPageTest"/>
</testsuite> <!-- testCases.LoginPageTest -->
